<?xml version="1.0" encoding="UTF-8"?>
<testng-results ignored="0" total="1" passed="1" failed="0" skipped="0">
  <reporter-output>
  </reporter-output>
  <suite started-at="2023-06-18T12:48:04 IST" name="Default suite" finished-at="2023-06-18T12:48:18 IST" duration-ms="14482">
    <groups>
    </groups>
    <test started-at="2023-06-18T12:48:04 IST" name="Default test" finished-at="2023-06-18T12:48:18 IST" duration-ms="14482">
      <class name="exampleoftestng.exampleoffirsttestcase">
        <test-method is-config="true" signature="OpenBrowser()[pri:0, instance:exampleoftestng.exampleoffirsttestcase@3e694b3f]" started-at="2023-06-18T12:48:04 IST" name="OpenBrowser" finished-at="2023-06-18T12:48:17 IST" duration-ms="13525" status="PASS">
          <reporter-output>
          </reporter-output>
        </test-method> <!-- OpenBrowser -->
        <test-method signature="loginpage()[pri:1, instance:exampleoftestng.exampleoffirsttestcase@3e694b3f]" started-at="2023-06-18T12:48:17 IST" name="loginpage" finished-at="2023-06-18T12:48:18 IST" duration-ms="753" status="PASS">
          <reporter-output>
          </reporter-output>
        </test-method> <!-- loginpage -->
        <test-method is-config="true" signature="CloseBrowser()[pri:0, instance:exampleoftestng.exampleoffirsttestcase@3e694b3f]" started-at="2023-06-18T12:48:18 IST" name="CloseBrowser" finished-at="2023-06-18T12:48:18 IST" duration-ms="113" status="PASS">
          <reporter-output>
          </reporter-output>
        </test-method> <!-- CloseBrowser -->
      </class> <!-- exampleoftestng.exampleoffirsttestcase -->
    </test> <!-- Default test -->
  </suite> <!-- Default suite -->
</testng-results>
