<?xml version="1.0" encoding="UTF-8"?>
<!-- Generated by org.testng.reporters.JUnitXMLReporter -->
<testsuite ignored="2" hostname="LAPTOP-VD3S5LO8" failures="0" tests="0" time="0.524" errors="0" timestamp="2023-06-15T21:52:17 IST">
  <testcase classname="com.etsy.tests.CartModule" name="btnSignInClick" time="0.0">
    <ignored/>
  </testcase> <!-- btnSignInClick -->
  <testcase classname="com.etsy.tests.CartModule" name="login_withValidCredentials" time="0.0">
    <ignored/>
  </testcase> <!-- login_withValidCredentials -->
</testsuite>
