<?xml version="1.0" encoding="UTF-8"?>
<testng-results ignored="0" total="2" passed="1" failed="1" skipped="0">
  <reporter-output>
  </reporter-output>
  <suite started-at="2023-06-24T22:28:04 IST" name="Testing on DOFY Application" finished-at="2023-06-24T22:28:35 IST" duration-ms="31613">
    <groups>
    </groups>
    <test started-at="2023-06-24T22:28:04 IST" name="Smoke Testing" finished-at="2023-06-24T22:28:35 IST" duration-ms="31613">
      <class name="dofy.DofyLoginIND">
        <test-method is-config="true" signature="OpenBrowser()[pri:0, instance:dofy.DofyLoginIND@4efbca5a]" started-at="2023-06-24T22:28:04 IST" name="OpenBrowser" finished-at="2023-06-24T22:28:31 IST" duration-ms="27860" status="PASS">
          <reporter-output>
          </reporter-output>
        </test-method> <!-- OpenBrowser -->
        <test-method signature="loginind()[pri:1, instance:dofy.DofyLoginIND@4efbca5a]" started-at="2023-06-24T22:28:31 IST" name="loginind" finished-at="2023-06-24T22:28:35 IST" duration-ms="3533" status="PASS">
          <reporter-output>
          </reporter-output>
        </test-method> <!-- loginind -->
        <test-method is-config="true" signature="CloseBrowser()[pri:0, instance:dofy.DofyLoginIND@4efbca5a]" started-at="2023-06-24T22:28:35 IST" name="CloseBrowser" finished-at="2023-06-24T22:28:35 IST" duration-ms="145" status="PASS">
          <reporter-output>
          </reporter-output>
        </test-method> <!-- CloseBrowser -->
      </class> <!-- dofy.DofyLoginIND -->
      <class name="dofy.DofyLoginUAE">
        <test-method signature="switchloc()[pri:2, instance:dofy.DofyLoginUAE@747ddf94]" started-at="2023-06-24T22:28:35 IST" name="switchloc" finished-at="2023-06-24T22:28:35 IST" duration-ms="3" status="FAIL">
          <exception class="java.lang.NullPointerException">
            <message>
              <![CDATA[Cannot invoke "org.openqa.selenium.WebDriver.findElement(org.openqa.selenium.By)" because "this.driver" is null]]>
            </message>
            <full-stacktrace>
              <![CDATA[java.lang.NullPointerException: Cannot invoke "org.openqa.selenium.WebDriver.findElement(org.openqa.selenium.By)" because "this.driver" is null
at dofy.DofyLoginUAE.switchloc(DofyLoginUAE.java:12)
at java.base/jdk.internal.reflect.DirectMethodHandleAccessor.invoke(DirectMethodHandleAccessor.java:104)
at java.base/java.lang.reflect.Method.invoke(Method.java:578)
at org.testng.internal.invokers.MethodInvocationHelper.invokeMethod(MethodInvocationHelper.java:139)
at org.testng.internal.invokers.TestInvoker.invokeMethod(TestInvoker.java:664)
at org.testng.internal.invokers.TestInvoker.invokeTestMethod(TestInvoker.java:227)
at org.testng.internal.invokers.MethodRunner.runInSequence(MethodRunner.java:50)
at org.testng.internal.invokers.TestInvoker$MethodInvocationAgent.invoke(TestInvoker.java:957)
at org.testng.internal.invokers.TestInvoker.invokeTestMethods(TestInvoker.java:200)
at org.testng.internal.invokers.TestMethodWorker.invokeTestMethods(TestMethodWorker.java:148)
at org.testng.internal.invokers.TestMethodWorker.run(TestMethodWorker.java:128)
at java.base/java.util.ArrayList.forEach(ArrayList.java:1511)
at org.testng.TestRunner.privateRun(TestRunner.java:848)
at org.testng.TestRunner.run(TestRunner.java:621)
at org.testng.SuiteRunner.runTest(SuiteRunner.java:443)
at org.testng.SuiteRunner.runSequentially(SuiteRunner.java:437)
at org.testng.SuiteRunner.privateRun(SuiteRunner.java:397)
at org.testng.SuiteRunner.run(SuiteRunner.java:336)
at org.testng.SuiteRunnerWorker.runSuite(SuiteRunnerWorker.java:52)
at org.testng.SuiteRunnerWorker.run(SuiteRunnerWorker.java:95)
at org.testng.TestNG.runSuitesSequentially(TestNG.java:1280)
at org.testng.TestNG.runSuitesLocally(TestNG.java:1200)
at org.testng.TestNG.runSuites(TestNG.java:1114)
at org.testng.TestNG.run(TestNG.java:1082)
at org.testng.remote.AbstractRemoteTestNG.run(AbstractRemoteTestNG.java:115)
at org.testng.remote.RemoteTestNG.initAndRun(RemoteTestNG.java:251)
at org.testng.remote.RemoteTestNG.main(RemoteTestNG.java:77)
]]>
            </full-stacktrace>
          </exception> <!-- java.lang.NullPointerException -->
          <reporter-output>
          </reporter-output>
        </test-method> <!-- switchloc -->
      </class> <!-- dofy.DofyLoginUAE -->
    </test> <!-- Smoke Testing -->
  </suite> <!-- Testing on DOFY Application -->
</testng-results>
