<?xml version="1.0" encoding="UTF-8"?>
<!-- Generated by org.testng.reporters.JUnitXMLReporter -->
<testsuite ignored="2" hostname="LAPTOP-VD3S5LO8" failures="1" tests="2" name="Smoke Testing" time="31.613" errors="0" timestamp="2023-06-24T22:28:35 IST">
  <testcase classname="dofy.DofyLoginIND" name="loginind" time="3.533"/>
  <testcase classname="dofy.DofyLoginUAE" name="switchloc" time="0.003">
    <failure type="java.lang.NullPointerException" message="Cannot invoke &amp;quot;org.openqa.selenium.WebDriver.findElement(org.openqa.selenium.By)&amp;quot; because &amp;quot;this.driver&amp;quot; is null">
      <![CDATA[java.lang.NullPointerException: Cannot invoke "org.openqa.selenium.WebDriver.findElement(org.openqa.selenium.By)" because "this.driver" is null
at dofy.DofyLoginUAE.switchloc(DofyLoginUAE.java:12)
at java.base/java.util.ArrayList.forEach(ArrayList.java:1511)
... Removed 25 stack frames]]>
    </failure>
  </testcase> <!-- switchloc -->
  <testcase classname="dofy.BaseClass" name="@BeforeTest OpenBrowser" time="0.0">
    <ignored/>
  </testcase> <!-- @BeforeTest OpenBrowser -->
  <testcase classname="dofy.BaseClass" name="@AfterTest CloseBrowser" time="0.0">
    <ignored/>
  </testcase> <!-- @AfterTest CloseBrowser -->
</testsuite> <!-- Smoke Testing -->
