<?xml version="1.0" encoding="UTF-8"?>
<testng-results ignored="0" total="1" passed="1" failed="0" skipped="0">
  <reporter-output>
  </reporter-output>
  <suite started-at="2023-06-23T21:54:01 IST" name="Default suite" finished-at="2023-06-23T21:54:38 IST" duration-ms="36398">
    <groups>
    </groups>
    <test started-at="2023-06-23T21:54:01 IST" name="Default test" finished-at="2023-06-23T21:54:38 IST" duration-ms="36398">
      <class name="testCases.TC_001_LoginTest">
        <test-method is-config="true" signature="setup()[pri:0, instance:testCases.TC_001_LoginTest@9d5509a]" started-at="2023-06-23T21:54:01 IST" name="setup" finished-at="2023-06-23T21:54:37 IST" duration-ms="35442" status="PASS">
          <reporter-output>
          </reporter-output>
        </test-method> <!-- setup -->
        <test-method signature="test_login()[pri:0, instance:testCases.TC_001_LoginTest@9d5509a]" started-at="2023-06-23T21:54:37 IST" name="test_login" finished-at="2023-06-23T21:54:37 IST" duration-ms="474" status="PASS">
          <reporter-output>
          </reporter-output>
        </test-method> <!-- test_login -->
        <test-method is-config="true" signature="tearDown()[pri:0, instance:testCases.TC_001_LoginTest@9d5509a]" started-at="2023-06-23T21:54:37 IST" name="tearDown" finished-at="2023-06-23T21:54:38 IST" duration-ms="424" status="PASS">
          <reporter-output>
          </reporter-output>
        </test-method> <!-- tearDown -->
      </class> <!-- testCases.TC_001_LoginTest -->
    </test> <!-- Default test -->
  </suite> <!-- Default suite -->
</testng-results>
